<?xml version="1.0" encoding="UTF-8"?>
<!-- Generated by org.testng.reporters.JUnitXMLReporter -->
<testsuite ignored="1" hostname="Akkis-Mac.local" failures="0" tests="2" name="Functional Regression Test" time="34.997" errors="0" timestamp="05 Mar 2020 17:19:37 GMT">
  <testcase classname="com.qa.hubspot.tests.HomePageTest" name="getHomePageHeader" time="0.159"/>
  <testcase classname="com.qa.hubspot.tests.HomePageTest" name="verifyHomePagetitletest" time="0.019"/>
  <testcase classname="com.qa.hubspot.tests.HomePageTest" name="verifyLoggedInUserTest" time="0.0">
    <ignored/>
  </testcase> <!-- verifyLoggedInUserTest -->
</testsuite> <!-- Functional Regression Test -->
