<?xml version="1.0" encoding="UTF-8"?>
<!-- Generated by org.testng.reporters.JUnitXMLReporter -->
<testsuite ignored="0" hostname="Akkis-Mac.local" failures="0" tests="3" name="Default test" time="15.264" errors="0" timestamp="08 Jun 2020 14:14:06 GMT">
  <testcase classname="com.qa.hubspot.tests.LoginPageTest" name="verfiyLoginPageTitleTest" time="8.288"/>
  <testcase classname="com.qa.hubspot.tests.LoginPageTest" name="verfiySignUpLinkTest" time="0.163"/>
  <testcase classname="com.qa.hubspot.tests.LoginPageTest" name="loginTest" time="1.11"/>
</testsuite> <!-- Default test -->
