<?xml version="1.0" encoding="UTF-8"?>
<testng-results ignored="0" total="3" passed="3" failed="0" skipped="0">
  <reporter-output>
  </reporter-output>
  <suite started-at="2020-06-08T14:13:45Z" name="Default suite" finished-at="2020-06-08T14:14:01Z" duration-ms="15264">
    <groups>
    </groups>
    <test started-at="2020-06-08T14:13:45Z" name="Default test" finished-at="2020-06-08T14:14:01Z" duration-ms="15264">
      <class name="com.qa.hubspot.tests.LoginPageTest">
        <test-method is-config="true" signature="setup()[pri:0, instance:com.qa.hubspot.tests.LoginPageTest@568bf312]" started-at="2020-06-08T14:13:45Z" name="setup" finished-at="2020-06-08T14:13:51Z" duration-ms="5383" status="PASS">
          <reporter-output>
          </reporter-output>
        </test-method> <!-- setup -->
        <test-method signature="verfiyLoginPageTitleTest()[pri:1, instance:com.qa.hubspot.tests.LoginPageTest@568bf312]" started-at="2020-06-08T14:13:51Z" name="verfiyLoginPageTitleTest" finished-at="2020-06-08T14:13:59Z" duration-ms="8288" status="PASS">
          <reporter-output>
          </reporter-output>
        </test-method> <!-- verfiyLoginPageTitleTest -->
        <test-method signature="verfiySignUpLinkTest()[pri:2, instance:com.qa.hubspot.tests.LoginPageTest@568bf312]" started-at="2020-06-08T14:13:59Z" name="verfiySignUpLinkTest" finished-at="2020-06-08T14:13:59Z" duration-ms="163" status="PASS">
          <reporter-output>
          </reporter-output>
        </test-method> <!-- verfiySignUpLinkTest -->
        <test-method signature="loginTest()[pri:3, instance:com.qa.hubspot.tests.LoginPageTest@568bf312]" started-at="2020-06-08T14:13:59Z" name="loginTest" finished-at="2020-06-08T14:14:00Z" duration-ms="1110" status="PASS">
          <reporter-output>
          </reporter-output>
        </test-method> <!-- loginTest -->
        <test-method is-config="true" signature="tearDown()[pri:0, instance:com.qa.hubspot.tests.LoginPageTest@568bf312]" started-at="2020-06-08T14:14:00Z" name="tearDown" finished-at="2020-06-08T14:14:01Z" duration-ms="234" status="PASS">
          <reporter-output>
          </reporter-output>
        </test-method> <!-- tearDown -->
      </class> <!-- com.qa.hubspot.tests.LoginPageTest -->
    </test> <!-- Default test -->
  </suite> <!-- Default suite -->
</testng-results>
